# JRE version: OpenJDK Runtime Environment (19.0.2+7) (build 19.0.2+7-Ubuntu-0ubuntu322.04)
# Java VM: OpenJDK 64-Bit Server VM (19.0.2+7-Ubuntu-0ubuntu322.04, mixed mode, sharing, tiered, compressed oops, compressed class ptrs, parallel gc, linux-amd64)
GC Precious Log:
 CardTable entry size: 512
 CPUs: 4 total, 4 available
 Memory: 7869M
 Large Page Support: Disabled
 NUMA Support: Disabled
 Compressed Oops: Enabled (32-bit)
 Alignments: Space 512K, Generation 512K, Heap 2M
 Heap Min Capacity: 100M
 Heap Initial Capacity: 100M
 Heap Max Capacity: 1G
 Pre-touch: Disabled
 Parallel Workers: 4
Heap:
 PSYoungGen      total 3584K, used 1954K [0x00000000eab00000, 0x00000000eb080000, 0x0000000100000000)
  eden space 3072K, 59% used [0x00000000eab00000,0x00000000eacc8a30,0x00000000eae00000)
  from space 512K, 25% used [0x00000000eaf80000,0x00000000eafa0000,0x00000000eb000000)
  to   space 512K, 0% used [0x00000000eb000000,0x00000000eb000000,0x00000000eb080000)
 ParOldGen       total 56320K, used 45836K [0x00000000c0000000, 0x00000000c3700000, 0x00000000eab00000)
  object space 56320K, 81% used [0x00000000c0000000,0x00000000c2cc3288,0x00000000c3700000)
 Metaspace       used 75149K, committed 76352K, reserved 1179648K
  class space    used 7193K, committed 7808K, reserved 1048576K
GC Heap History (20 events):
Event: 7816.597 GC heap before
{Heap before GC invocations=1573 (full 53):
 PSYoungGen      total 4096K, used 3168K [0x00000000eab00000, 0x00000000eb080000, 0x0000000100000000)
  eden space 3072K, 100% used [0x00000000eab00000,0x00000000eae00000,0x00000000eae00000)
  from space 1024K, 9% used [0x00000000eae80000,0x00000000eae98000,0x00000000eaf80000)
  to   space 512K, 0% used [0x00000000eb000000,0x00000000eb000000,0x00000000eb080000)
 ParOldGen       total 56320K, used 44205K [0x00000000c0000000, 0x00000000c3700000, 0x00000000eab00000)
  object space 56320K, 78% used [0x00000000c0000000,0x00000000c2b2b478,0x00000000c3700000)
 Metaspace       used 75107K, committed 76352K, reserved 1179648K
  class space    used 7192K, committed 7808K, reserved 1048576K
}
Event: 7816.598 GC heap after
{Heap after GC invocations=1573 (full 53):
 PSYoungGen      total 3584K, used 128K [0x00000000eab00000, 0x00000000eb080000, 0x0000000100000000)
  eden space 3072K, 0% used [0x00000000eab00000,0x00000000eab00000,0x00000000eae00000)
  from space 512K, 25% used [0x00000000eb000000,0x00000000eb020000,0x00000000eb080000)
  to   space 512K, 0% used [0x00000000eaf80000,0x00000000eaf80000,0x00000000eb000000)
 ParOldGen       total 56320K, used 44221K [0x00000000c0000000, 0x00000000c3700000, 0x00000000eab00000)
  object space 56320K, 78% used [0x00000000c0000000,0x00000000c2b2f478,0x00000000c3700000)
 Metaspace       used 75107K, committed 76352K, reserved 1179648K
  class space    used 7192K, committed 7808K, reserved 1048576K
}
Event: 7963.008 GC heap before
{Heap before GC invocations=1574 (full 53):
 PSYoungGen      total 3584K, used 3199K [0x00000000eab00000, 0x00000000eb080000, 0x0000000100000000)
  eden space 3072K, 99% used [0x00000000eab00000,0x00000000eadfffe8,0x00000000eae00000)
  from space 512K, 25% used [0x00000000eb000000,0x00000000eb020000,0x00000000eb080000)
  to   space 512K, 0% used [0x00000000eaf80000,0x00000000eaf80000,0x00000000eb000000)
 ParOldGen       total 56320K, used 44221K [0x00000000c0000000, 0x00000000c3700000, 0x00000000eab00000)
  object space 56320K, 78% used [0x00000000c0000000,0x00000000c2b2f478,0x00000000c3700000)
 Metaspace       used 75107K, committed 76352K, reserved 1179648K
  class space    used 7192K, committed 7808K, reserved 1048576K
}
Event: 7963.010 GC heap after
{Heap after GC invocations=1574 (full 53):
 PSYoungGen      total 3584K, used 128K [0x00000000eab00000, 0x00000000eb080000, 0x0000000100000000)
  eden space 3072K, 0% used [0x00000000eab00000,0x00000000eab00000,0x00000000eae00000)
  from space 512K, 25% used [0x00000000eaf80000,0x00000000eafa0000,0x00000000eb000000)
  to   space 512K, 0% used [0x00000000eb000000,0x00000000eb000000,0x00000000eb080000)
 ParOldGen       total 56320K, used 44221K [0x00000000c0000000, 0x00000000c3700000, 0x00000000eab00000)
  object space 56320K, 78% used [0x00000000c0000000,0x00000000c2b2f478,0x00000000c3700000)
 Metaspace       used 75107K, committed 76352K, reserved 1179648K
  class space    used 7192K, committed 7808K, reserved 1048576K
}
Event: 8408.111 GC heap before
{Heap before GC invocations=1575 (full 53):
 PSYoungGen      total 3584K, used 3200K [0x00000000eab00000, 0x00000000eb080000, 0x0000000100000000)
  eden space 3072K, 100% used [0x00000000eab00000,0x00000000eae00000,0x00000000eae00000)
  from space 512K, 25% used [0x00000000eaf80000,0x00000000eafa0000,0x00000000eb000000)
  to   space 512K, 0% used [0x00000000eb000000,0x00000000eb000000,0x00000000eb080000)
 ParOldGen       total 56320K, used 44221K [0x00000000c0000000, 0x00000000c3700000, 0x00000000eab00000)
  object space 56320K, 78% used [0x00000000c0000000,0x00000000c2b2f478,0x00000000c3700000)
 Metaspace       used 75115K, committed 76352K, reserved 1179648K
  class space    used 7192K, committed 7808K, reserved 1048576K
}
Event: 8408.112 GC heap after
{Heap after GC invocations=1575 (full 53):
 PSYoungGen      total 3584K, used 128K [0x00000000eab00000, 0x00000000eb080000, 0x0000000100000000)
  eden space 3072K, 0% used [0x00000000eab00000,0x00000000eab00000,0x00000000eae00000)
  from space 512K, 25% used [0x00000000eb000000,0x00000000eb020000,0x00000000eb080000)
  to   space 512K, 0% used [0x00000000eaf80000,0x00000000eaf80000,0x00000000eb000000)
 ParOldGen       total 56320K, used 44245K [0x00000000c0000000, 0x00000000c3700000, 0x00000000eab00000)
  object space 56320K, 78% used [0x00000000c0000000,0x00000000c2b35478,0x00000000c3700000)
 Metaspace       used 75115K, committed 76352K, reserved 1179648K
  class space    used 7192K, committed 7808K, reserved 1048576K
}
Event: 8411.556 GC heap before
{Heap before GC invocations=1576 (full 53):
 PSYoungGen      total 3584K, used 3200K [0x00000000eab00000, 0x00000000eb080000, 0x0000000100000000)
  eden space 3072K, 100% used [0x00000000eab00000,0x00000000eae00000,0x00000000eae00000)
  from space 512K, 25% used [0x00000000eb000000,0x00000000eb020000,0x00000000eb080000)
  to   space 512K, 0% used [0x00000000eaf80000,0x00000000eaf80000,0x00000000eb000000)
 ParOldGen       total 56320K, used 44245K [0x00000000c0000000, 0x00000000c3700000, 0x00000000eab00000)
  object space 56320K, 78% used [0x00000000c0000000,0x00000000c2b35478,0x00000000c3700000)
 Metaspace       used 75115K, committed 76352K, reserved 1179648K
  class space    used 7192K, committed 7808K, reserved 1048576K
}
Event: 8411.558 GC heap after
{Heap after GC invocations=1576 (full 53):
 PSYoungGen      total 3584K, used 96K [0x00000000eab00000, 0x00000000eb080000, 0x0000000100000000)
  eden space 3072K, 0% used [0x00000000eab00000,0x00000000eab00000,0x00000000eae00000)
  from space 512K, 18% used [0x00000000eaf80000,0x00000000eaf98000,0x00000000eb000000)
  to   space 512K, 0% used [0x00000000eb000000,0x00000000eb000000,0x00000000eb080000)
 ParOldGen       total 56320K, used 44285K [0x00000000c0000000, 0x00000000c3700000, 0x00000000eab00000)
  object space 56320K, 78% used [0x00000000c0000000,0x00000000c2b3f478,0x00000000c3700000)
 Metaspace       used 75115K, committed 76352K, reserved 1179648K
  class space    used 7192K, committed 7808K, reserved 1048576K
}
Event: 8413.020 GC heap before
{Heap before GC invocations=1577 (full 53):
 PSYoungGen      total 3584K, used 3168K [0x00000000eab00000, 0x00000000eb080000, 0x0000000100000000)
  eden space 3072K, 100% used [0x00000000eab00000,0x00000000eae00000,0x00000000eae00000)
  from space 512K, 18% used [0x00000000eaf80000,0x00000000eaf98000,0x00000000eb000000)
  to   space 512K, 0% used [0x00000000eb000000,0x00000000eb000000,0x00000000eb080000)
 ParOldGen       total 56320K, used 44285K [0x00000000c0000000, 0x00000000c3700000, 0x00000000eab00000)
  object space 56320K, 78% used [0x00000000c0000000,0x00000000c2b3f478,0x00000000c3700000)
 Metaspace       used 75115K, committed 76352K, reserved 1179648K
  class space    used 7192K, committed 7808K, reserved 1048576K
}
Event: 8413.022 GC heap after
{Heap after GC invocations=1577 (full 53):
 PSYoungGen      total 3584K, used 496K [0x00000000eab00000, 0x00000000eb080000, 0x0000000100000000)
  eden space 3072K, 0% used [0x00000000eab00000,0x00000000eab00000,0x00000000eae00000)
  from space 512K, 96% used [0x00000000eb000000,0x00000000eb07c010,0x00000000eb080000)
  to   space 1024K, 0% used [0x00000000eae80000,0x00000000eae80000,0x00000000eaf80000)
 ParOldGen       total 56320K, used 44333K [0x00000000c0000000, 0x00000000c3700000, 0x00000000eab00000)
  object space 56320K, 78% used [0x00000000c0000000,0x00000000c2b4b478,0x00000000c3700000)
 Metaspace       used 75115K, committed 76352K, reserved 1179648K
  class space    used 7192K, committed 7808K, reserved 1048576K
}
Event: 8413.900 GC heap before
{Heap before GC invocations=1578 (full 53):
 PSYoungGen      total 3584K, used 3568K [0x00000000eab00000, 0x00000000eb080000, 0x0000000100000000)
  eden space 3072K, 99% used [0x00000000eab00000,0x00000000eadffff0,0x00000000eae00000)
  from space 512K, 96% used [0x00000000eb000000,0x00000000eb07c010,0x00000000eb080000)
  to   space 1024K, 0% used [0x00000000eae80000,0x00000000eae80000,0x00000000eaf80000)
 ParOldGen       total 56320K, used 44333K [0x00000000c0000000, 0x00000000c3700000, 0x00000000eab00000)
  object space 56320K, 78% used [0x00000000c0000000,0x00000000c2b4b478,0x00000000c3700000)
 Metaspace       used 75115K, committed 76352K, reserved 1179648K
  class space    used 7192K, committed 7808K, reserved 1048576K
}
Event: 8413.907 GC heap after
{Heap after GC invocations=1578 (full 53):
 PSYoungGen      total 4096K, used 208K [0x00000000eab00000, 0x00000000eb080000, 0x0000000100000000)
  eden space 3072K, 0% used [0x00000000eab00000,0x00000000eab00000,0x00000000eae00000)
  from space 1024K, 20% used [0x00000000eae80000,0x00000000eaeb4010,0x00000000eaf80000)
  to   space 512K, 0% used [0x00000000eb000000,0x00000000eb000000,0x00000000eb080000)
 ParOldGen       total 56320K, used 44730K [0x00000000c0000000, 0x00000000c3700000, 0x00000000eab00000)
  object space 56320K, 79% used [0x00000000c0000000,0x00000000c2bae928,0x00000000c3700000)
 Metaspace       used 75115K, committed 76352K, reserved 1179648K
  class space    used 7192K, committed 7808K, reserved 1048576K
}
Event: 8414.229 GC heap before
{Heap before GC invocations=1579 (full 53):
 PSYoungGen      total 4096K, used 3276K [0x00000000eab00000, 0x00000000eb080000, 0x0000000100000000)
  eden space 3072K, 99% used [0x00000000eab00000,0x00000000eadff258,0x00000000eae00000)
  from space 1024K, 20% used [0x00000000eae80000,0x00000000eaeb4010,0x00000000eaf80000)
  to   space 512K, 0% used [0x00000000eb000000,0x00000000eb000000,0x00000000eb080000)
 ParOldGen       total 56320K, used 44730K [0x00000000c0000000, 0x00000000c3700000, 0x00000000eab00000)
  object space 56320K, 79% used [0x00000000c0000000,0x00000000c2bae928,0x00000000c3700000)
 Metaspace       used 75115K, committed 76352K, reserved 1179648K
  class space    used 7192K, committed 7808K, reserved 1048576K
}
Event: 8414.248 GC heap after
{Heap after GC invocations=1579 (full 53):
 PSYoungGen      total 3584K, used 512K [0x00000000eab00000, 0x00000000eb100000, 0x0000000100000000)
  eden space 3072K, 0% used [0x00000000eab00000,0x00000000eab00000,0x00000000eae00000)
  from space 512K, 100% used [0x00000000eb000000,0x00000000eb080000,0x00000000eb080000)
  to   space 1536K, 0% used [0x00000000eae00000,0x00000000eae00000,0x00000000eaf80000)
 ParOldGen       total 56320K, used 45266K [0x00000000c0000000, 0x00000000c3700000, 0x00000000eab00000)
  object space 56320K, 80% used [0x00000000c0000000,0x00000000c2c34958,0x00000000c3700000)
 Metaspace       used 75115K, committed 76352K, reserved 1179648K
  class space    used 7192K, committed 7808K, reserved 1048576K
}
Event: 8414.437 GC heap before
{Heap before GC invocations=1580 (full 53):
 PSYoungGen      total 3584K, used 3583K [0x00000000eab00000, 0x00000000eb100000, 0x0000000100000000)
  eden space 3072K, 99% used [0x00000000eab00000,0x00000000eadfffe8,0x00000000eae00000)
  from space 512K, 100% used [0x00000000eb000000,0x00000000eb080000,0x00000000eb080000)
  to   space 1536K, 0% used [0x00000000eae00000,0x00000000eae00000,0x00000000eaf80000)
 ParOldGen       total 56320K, used 45266K [0x00000000c0000000, 0x00000000c3700000, 0x00000000eab00000)
  object space 56320K, 80% used [0x00000000c0000000,0x00000000c2c34958,0x00000000c3700000)
 Metaspace       used 75115K, committed 76352K, reserved 1179648K
  class space    used 7192K, committed 7808K, reserved 1048576K
}
Event: 8414.455 GC heap after
{Heap after GC invocations=1580 (full 53):
 PSYoungGen      total 4608K, used 128K [0x00000000eab00000, 0x00000000eb080000, 0x0000000100000000)
  eden space 3072K, 0% used [0x00000000eab00000,0x00000000eab00000,0x00000000eae00000)
  from space 1536K, 8% used [0x00000000eae00000,0x00000000eae20000,0x00000000eaf80000)
  to   space 512K, 0% used [0x00000000eb000000,0x00000000eb000000,0x00000000eb080000)
 ParOldGen       total 56320K, used 45780K [0x00000000c0000000, 0x00000000c3700000, 0x00000000eab00000)
  object space 56320K, 81% used [0x00000000c0000000,0x00000000c2cb5288,0x00000000c3700000)
 Metaspace       used 75115K, committed 76352K, reserved 1179648K
  class space    used 7192K, committed 7808K, reserved 1048576K
}
Event: 8416.842 GC heap before
{Heap before GC invocations=1581 (full 53):
 PSYoungGen      total 4608K, used 3200K [0x00000000eab00000, 0x00000000eb080000, 0x0000000100000000)
  eden space 3072K, 100% used [0x00000000eab00000,0x00000000eae00000,0x00000000eae00000)
  from space 1536K, 8% used [0x00000000eae00000,0x00000000eae20000,0x00000000eaf80000)
  to   space 512K, 0% used [0x00000000eb000000,0x00000000eb000000,0x00000000eb080000)
 ParOldGen       total 56320K, used 45780K [0x00000000c0000000, 0x00000000c3700000, 0x00000000eab00000)
  object space 56320K, 81% used [0x00000000c0000000,0x00000000c2cb5288,0x00000000c3700000)
 Metaspace       used 75115K, committed 76352K, reserved 1179648K
  class space    used 7192K, committed 7808K, reserved 1048576K
}
Event: 8416.846 GC heap after
{Heap after GC invocations=1581 (full 53):
 PSYoungGen      total 3584K, used 128K [0x00000000eab00000, 0x00000000eb080000, 0x0000000100000000)
  eden space 3072K, 0% used [0x00000000eab00000,0x00000000eab00000,0x00000000eae00000)
  from space 512K, 25% used [0x00000000eb000000,0x00000000eb020000,0x00000000eb080000)
  to   space 512K, 0% used [0x00000000eaf80000,0x00000000eaf80000,0x00000000eb000000)
 ParOldGen       total 56320K, used 45804K [0x00000000c0000000, 0x00000000c3700000, 0x00000000eab00000)
  object space 56320K, 81% used [0x00000000c0000000,0x00000000c2cbb288,0x00000000c3700000)
 Metaspace       used 75115K, committed 76352K, reserved 1179648K
  class space    used 7192K, committed 7808K, reserved 1048576K
}
Event: 13077.140 GC heap before
{Heap before GC invocations=1582 (full 53):
 PSYoungGen      total 3584K, used 3200K [0x00000000eab00000, 0x00000000eb080000, 0x0000000100000000)
  eden space 3072K, 100% used [0x00000000eab00000,0x00000000eae00000,0x00000000eae00000)
  from space 512K, 25% used [0x00000000eb000000,0x00000000eb020000,0x00000000eb080000)
  to   space 512K, 0% used [0x00000000eaf80000,0x00000000eaf80000,0x00000000eb000000)
 ParOldGen       total 56320K, used 45804K [0x00000000c0000000, 0x00000000c3700000, 0x00000000eab00000)
  object space 56320K, 81% used [0x00000000c0000000,0x00000000c2cbb288,0x00000000c3700000)
 Metaspace       used 75145K, committed 76352K, reserved 1179648K
  class space    used 7192K, committed 7808K, reserved 1048576K
}
Event: 13077.142 GC heap after
{Heap after GC invocations=1582 (full 53):
 PSYoungGen      total 3584K, used 128K [0x00000000eab00000, 0x00000000eb080000, 0x0000000100000000)
  eden space 3072K, 0% used [0x00000000eab00000,0x00000000eab00000,0x00000000eae00000)
  from space 512K, 25% used [0x00000000eaf80000,0x00000000eafa0000,0x00000000eb000000)
  to   space 512K, 0% used [0x00000000eb000000,0x00000000eb000000,0x00000000eb080000)
 ParOldGen       total 56320K, used 45836K [0x00000000c0000000, 0x00000000c3700000, 0x00000000eab00000)
  object space 56320K, 81% used [0x00000000c0000000,0x00000000c2cc3288,0x00000000c3700000)
 Metaspace       used 75145K, committed 76352K, reserved 1179648K
  class space    used 7192K, committed 7808K, reserved 1048576K
}

