# JRE version: OpenJDK Runtime Environment (19.0.2+7) (build 19.0.2+7-Ubuntu-0ubuntu322.04)
# Java VM: OpenJDK 64-Bit Server VM (19.0.2+7-Ubuntu-0ubuntu322.04, mixed mode, sharing, tiered, compressed oops, compressed class ptrs, parallel gc, linux-amd64)
GC Precious Log:
 CardTable entry size: 512
 CPUs: 4 total, 4 available
 Memory: 7869M
 Large Page Support: Disabled
 NUMA Support: Disabled
 Compressed Oops: Enabled (32-bit)
 Alignments: Space 512K, Generation 512K, Heap 2M
 Heap Min Capacity: 100M
 Heap Initial Capacity: 100M
 Heap Max Capacity: 1G
 Pre-touch: Disabled
 Parallel Workers: 4
Heap:
 PSYoungGen      total 7168K, used 2633K [0x00000000eab00000, 0x00000000eb480000, 0x0000000100000000)
  eden space 6144K, 33% used [0x00000000eab00000,0x00000000ead02730,0x00000000eb100000)
  from space 1024K, 56% used [0x00000000eb380000,0x00000000eb410000,0x00000000eb480000)
  to   space 1536K, 0% used [0x00000000eb180000,0x00000000eb180000,0x00000000eb300000)
 ParOldGen       total 59904K, used 50854K [0x00000000c0000000, 0x00000000c3a80000, 0x00000000eab00000)
  object space 59904K, 84% used [0x00000000c0000000,0x00000000c31a9988,0x00000000c3a80000)
 Metaspace       used 77337K, committed 78592K, reserved 1179648K
  class space    used 7423K, committed 8000K, reserved 1048576K
GC Heap History (20 events):
Event: 5503.376 GC heap before
{Heap before GC invocations=2128 (full 65):
 PSYoungGen      total 5120K, used 998K [0x00000000eab00000, 0x00000000eba80000, 0x0000000100000000)
  eden space 4096K, 0% used [0x00000000eab00000,0x00000000eab00000,0x00000000eaf00000)
  from space 1024K, 97% used [0x00000000eb400000,0x00000000eb4f9970,0x00000000eb500000)
  to   space 5120K, 0% used [0x00000000eaf00000,0x00000000eaf00000,0x00000000eb400000)
 ParOldGen       total 55296K, used 54624K [0x00000000c0000000, 0x00000000c3600000, 0x00000000eab00000)
  object space 55296K, 98% used [0x00000000c0000000,0x00000000c3558128,0x00000000c3600000)
 Metaspace       used 77301K, committed 78464K, reserved 1179648K
  class space    used 7423K, committed 8000K, reserved 1048576K
}
Event: 5503.493 GC heap after
{Heap after GC invocations=2128 (full 65):
 PSYoungGen      total 9216K, used 0K [0x00000000eab00000, 0x00000000eb900000, 0x0000000100000000)
  eden space 4096K, 0% used [0x00000000eab00000,0x00000000eab00000,0x00000000eaf00000)
  from space 5120K, 0% used [0x00000000eaf00000,0x00000000eaf00000,0x00000000eb400000)
  to   space 5120K, 0% used [0x00000000eb400000,0x00000000eb400000,0x00000000eb900000)
 ParOldGen       total 59904K, used 42682K [0x00000000c0000000, 0x00000000c3a80000, 0x00000000eab00000)
  object space 59904K, 71% used [0x00000000c0000000,0x00000000c29ae948,0x00000000c3a80000)
 Metaspace       used 77301K, committed 78464K, reserved 1179648K
  class space    used 7423K, committed 8000K, reserved 1048576K
}
Event: 5503.500 GC heap before
{Heap before GC invocations=2129 (full 65):
 PSYoungGen      total 9216K, used 4096K [0x00000000eab00000, 0x00000000eb900000, 0x0000000100000000)
  eden space 4096K, 100% used [0x00000000eab00000,0x00000000eaf00000,0x00000000eaf00000)
  from space 5120K, 0% used [0x00000000eaf00000,0x00000000eaf00000,0x00000000eb400000)
  to   space 5120K, 0% used [0x00000000eb400000,0x00000000eb400000,0x00000000eb900000)
 ParOldGen       total 59904K, used 42682K [0x00000000c0000000, 0x00000000c3a80000, 0x00000000eab00000)
  object space 59904K, 71% used [0x00000000c0000000,0x00000000c29ae948,0x00000000c3a80000)
 Metaspace       used 77301K, committed 78464K, reserved 1179648K
  class space    used 7423K, committed 8000K, reserved 1048576K
}
Event: 5503.502 GC heap after
{Heap after GC invocations=2129 (full 65):
 PSYoungGen      total 5632K, used 1088K [0x00000000eab00000, 0x00000000eb580000, 0x0000000100000000)
  eden space 4096K, 0% used [0x00000000eab00000,0x00000000eab00000,0x00000000eaf00000)
  from space 1536K, 70% used [0x00000000eb400000,0x00000000eb510000,0x00000000eb580000)
  to   space 2560K, 0% used [0x00000000eb080000,0x00000000eb080000,0x00000000eb300000)
 ParOldGen       total 59904K, used 42682K [0x00000000c0000000, 0x00000000c3a80000, 0x00000000eab00000)
  object space 59904K, 71% used [0x00000000c0000000,0x00000000c29ae948,0x00000000c3a80000)
 Metaspace       used 77301K, committed 78464K, reserved 1179648K
  class space    used 7423K, committed 8000K, reserved 1048576K
}
Event: 5503.507 GC heap before
{Heap before GC invocations=2130 (full 65):
 PSYoungGen      total 5632K, used 5184K [0x00000000eab00000, 0x00000000eb580000, 0x0000000100000000)
  eden space 4096K, 100% used [0x00000000eab00000,0x00000000eaf00000,0x00000000eaf00000)
  from space 1536K, 70% used [0x00000000eb400000,0x00000000eb510000,0x00000000eb580000)
  to   space 2560K, 0% used [0x00000000eb080000,0x00000000eb080000,0x00000000eb300000)
 ParOldGen       total 59904K, used 42682K [0x00000000c0000000, 0x00000000c3a80000, 0x00000000eab00000)
  object space 59904K, 71% used [0x00000000c0000000,0x00000000c29ae948,0x00000000c3a80000)
 Metaspace       used 77301K, committed 78464K, reserved 1179648K
  class space    used 7423K, committed 8000K, reserved 1048576K
}
Event: 5503.513 GC heap after
{Heap after GC invocations=2130 (full 65):
 PSYoungGen      total 7168K, used 1984K [0x00000000eab00000, 0x00000000eb500000, 0x0000000100000000)
  eden space 5120K, 0% used [0x00000000eab00000,0x00000000eab00000,0x00000000eb000000)
  from space 2048K, 96% used [0x00000000eb080000,0x00000000eb270000,0x00000000eb280000)
  to   space 2560K, 0% used [0x00000000eb280000,0x00000000eb280000,0x00000000eb500000)
 ParOldGen       total 59904K, used 42682K [0x00000000c0000000, 0x00000000c3a80000, 0x00000000eab00000)
  object space 59904K, 71% used [0x00000000c0000000,0x00000000c29ae948,0x00000000c3a80000)
 Metaspace       used 77301K, committed 78464K, reserved 1179648K
  class space    used 7423K, committed 8000K, reserved 1048576K
}
Event: 5503.521 GC heap before
{Heap before GC invocations=2131 (full 65):
 PSYoungGen      total 7168K, used 7104K [0x00000000eab00000, 0x00000000eb500000, 0x0000000100000000)
  eden space 5120K, 100% used [0x00000000eab00000,0x00000000eb000000,0x00000000eb000000)
  from space 2048K, 96% used [0x00000000eb080000,0x00000000eb270000,0x00000000eb280000)
  to   space 2560K, 0% used [0x00000000eb280000,0x00000000eb280000,0x00000000eb500000)
 ParOldGen       total 59904K, used 42682K [0x00000000c0000000, 0x00000000c3a80000, 0x00000000eab00000)
  object space 59904K, 71% used [0x00000000c0000000,0x00000000c29ae948,0x00000000c3a80000)
 Metaspace       used 77301K, committed 78464K, reserved 1179648K
  class space    used 7423K, committed 8000K, reserved 1048576K
}
Event: 5503.523 GC heap after
{Heap after GC invocations=2131 (full 65):
 PSYoungGen      total 7680K, used 1126K [0x00000000eab00000, 0x00000000eb400000, 0x0000000100000000)
  eden space 6144K, 0% used [0x00000000eab00000,0x00000000eab00000,0x00000000eb100000)
  from space 1536K, 73% used [0x00000000eb280000,0x00000000eb399970,0x00000000eb400000)
  to   space 1536K, 0% used [0x00000000eb100000,0x00000000eb100000,0x00000000eb280000)
 ParOldGen       total 59904K, used 42970K [0x00000000c0000000, 0x00000000c3a80000, 0x00000000eab00000)
  object space 59904K, 71% used [0x00000000c0000000,0x00000000c29f6948,0x00000000c3a80000)
 Metaspace       used 77301K, committed 78464K, reserved 1179648K
  class space    used 7423K, committed 8000K, reserved 1048576K
}
Event: 5511.430 GC heap before
{Heap before GC invocations=2132 (full 65):
 PSYoungGen      total 7680K, used 7270K [0x00000000eab00000, 0x00000000eb400000, 0x0000000100000000)
  eden space 6144K, 100% used [0x00000000eab00000,0x00000000eb100000,0x00000000eb100000)
  from space 1536K, 73% used [0x00000000eb280000,0x00000000eb399970,0x00000000eb400000)
  to   space 1536K, 0% used [0x00000000eb100000,0x00000000eb100000,0x00000000eb280000)
 ParOldGen       total 59904K, used 42970K [0x00000000c0000000, 0x00000000c3a80000, 0x00000000eab00000)
  object space 59904K, 71% used [0x00000000c0000000,0x00000000c29f6948,0x00000000c3a80000)
 Metaspace       used 77302K, committed 78464K, reserved 1179648K
  class space    used 7423K, committed 8000K, reserved 1048576K
}
Event: 5511.433 GC heap after
{Heap after GC invocations=2132 (full 65):
 PSYoungGen      total 7168K, used 624K [0x00000000eab00000, 0x00000000eb300000, 0x0000000100000000)
  eden space 6144K, 0% used [0x00000000eab00000,0x00000000eab00000,0x00000000eb100000)
  from space 1024K, 60% used [0x00000000eb100000,0x00000000eb19c010,0x00000000eb200000)
  to   space 1024K, 0% used [0x00000000eb200000,0x00000000eb200000,0x00000000eb300000)
 ParOldGen       total 59904K, used 43418K [0x00000000c0000000, 0x00000000c3a80000, 0x00000000eab00000)
  object space 59904K, 72% used [0x00000000c0000000,0x00000000c2a66948,0x00000000c3a80000)
 Metaspace       used 77302K, committed 78464K, reserved 1179648K
  class space    used 7423K, committed 8000K, reserved 1048576K
}
Event: 5511.968 GC heap before
{Heap before GC invocations=2133 (full 65):
 PSYoungGen      total 7168K, used 6768K [0x00000000eab00000, 0x00000000eb300000, 0x0000000100000000)
  eden space 6144K, 100% used [0x00000000eab00000,0x00000000eb100000,0x00000000eb100000)
  from space 1024K, 60% used [0x00000000eb100000,0x00000000eb19c010,0x00000000eb200000)
  to   space 1024K, 0% used [0x00000000eb200000,0x00000000eb200000,0x00000000eb300000)
 ParOldGen       total 59904K, used 43418K [0x00000000c0000000, 0x00000000c3a80000, 0x00000000eab00000)
  object space 59904K, 72% used [0x00000000c0000000,0x00000000c2a66948,0x00000000c3a80000)
 Metaspace       used 77302K, committed 78464K, reserved 1179648K
  class space    used 7423K, committed 8000K, reserved 1048576K
}
Event: 5511.977 GC heap after
{Heap after GC invocations=2133 (full 65):
 PSYoungGen      total 6656K, used 256K [0x00000000eab00000, 0x00000000eb280000, 0x0000000100000000)
  eden space 6144K, 0% used [0x00000000eab00000,0x00000000eab00000,0x00000000eb100000)
  from space 512K, 50% used [0x00000000eb200000,0x00000000eb240000,0x00000000eb280000)
  to   space 512K, 0% used [0x00000000eb180000,0x00000000eb180000,0x00000000eb200000)
 ParOldGen       total 59904K, used 43999K [0x00000000c0000000, 0x00000000c3a80000, 0x00000000eab00000)
  object space 59904K, 73% used [0x00000000c0000000,0x00000000c2af7df8,0x00000000c3a80000)
 Metaspace       used 77302K, committed 78464K, reserved 1179648K
  class space    used 7423K, committed 8000K, reserved 1048576K
}
Event: 5513.098 GC heap before
{Heap before GC invocations=2134 (full 65):
 PSYoungGen      total 6656K, used 6400K [0x00000000eab00000, 0x00000000eb280000, 0x0000000100000000)
  eden space 6144K, 100% used [0x00000000eab00000,0x00000000eb100000,0x00000000eb100000)
  from space 512K, 50% used [0x00000000eb200000,0x00000000eb240000,0x00000000eb280000)
  to   space 512K, 0% used [0x00000000eb180000,0x00000000eb180000,0x00000000eb200000)
 ParOldGen       total 59904K, used 43999K [0x00000000c0000000, 0x00000000c3a80000, 0x00000000eab00000)
  object space 59904K, 73% used [0x00000000c0000000,0x00000000c2af7df8,0x00000000c3a80000)
 Metaspace       used 77303K, committed 78464K, reserved 1179648K
  class space    used 7423K, committed 8000K, reserved 1048576K
}
Event: 5513.102 GC heap after
{Heap after GC invocations=2134 (full 65):
 PSYoungGen      total 6656K, used 488K [0x00000000eab00000, 0x00000000eb800000, 0x0000000100000000)
  eden space 6144K, 0% used [0x00000000eab00000,0x00000000eab00000,0x00000000eb100000)
  from space 512K, 95% used [0x00000000eb180000,0x00000000eb1fa280,0x00000000eb200000)
  to   space 3584K, 0% used [0x00000000eb480000,0x00000000eb480000,0x00000000eb800000)
 ParOldGen       total 59904K, used 46520K [0x00000000c0000000, 0x00000000c3a80000, 0x00000000eab00000)
  object space 59904K, 77% used [0x00000000c0000000,0x00000000c2d6e078,0x00000000c3a80000)
 Metaspace       used 77303K, committed 78464K, reserved 1179648K
  class space    used 7423K, committed 8000K, reserved 1048576K
}
Event: 5513.160 GC heap before
{Heap before GC invocations=2135 (full 65):
 PSYoungGen      total 6656K, used 6632K [0x00000000eab00000, 0x00000000eb800000, 0x0000000100000000)
  eden space 6144K, 100% used [0x00000000eab00000,0x00000000eb100000,0x00000000eb100000)
  from space 512K, 95% used [0x00000000eb180000,0x00000000eb1fa280,0x00000000eb200000)
  to   space 3584K, 0% used [0x00000000eb480000,0x00000000eb480000,0x00000000eb800000)
 ParOldGen       total 59904K, used 46520K [0x00000000c0000000, 0x00000000c3a80000, 0x00000000eab00000)
  object space 59904K, 77% used [0x00000000c0000000,0x00000000c2d6e078,0x00000000c3a80000)
 Metaspace       used 77303K, committed 78464K, reserved 1179648K
  class space    used 7423K, committed 8000K, reserved 1048576K
}
Event: 5513.165 GC heap after
{Heap after GC invocations=2135 (full 65):
 PSYoungGen      total 9216K, used 2649K [0x00000000eab00000, 0x00000000eb780000, 0x0000000100000000)
  eden space 6144K, 0% used [0x00000000eab00000,0x00000000eab00000,0x00000000eb100000)
  from space 3072K, 86% used [0x00000000eb480000,0x00000000eb716480,0x00000000eb780000)
  to   space 3072K, 0% used [0x00000000eb180000,0x00000000eb180000,0x00000000eb480000)
 ParOldGen       total 59904K, used 46608K [0x00000000c0000000, 0x00000000c3a80000, 0x00000000eab00000)
  object space 59904K, 77% used [0x00000000c0000000,0x00000000c2d84078,0x00000000c3a80000)
 Metaspace       used 77303K, committed 78464K, reserved 1179648K
  class space    used 7423K, committed 8000K, reserved 1048576K
}
Event: 5513.574 GC heap before
{Heap before GC invocations=2136 (full 65):
 PSYoungGen      total 9216K, used 8793K [0x00000000eab00000, 0x00000000eb780000, 0x0000000100000000)
  eden space 6144K, 100% used [0x00000000eab00000,0x00000000eb100000,0x00000000eb100000)
  from space 3072K, 86% used [0x00000000eb480000,0x00000000eb716480,0x00000000eb780000)
  to   space 3072K, 0% used [0x00000000eb180000,0x00000000eb180000,0x00000000eb480000)
 ParOldGen       total 59904K, used 46608K [0x00000000c0000000, 0x00000000c3a80000, 0x00000000eab00000)
  object space 59904K, 77% used [0x00000000c0000000,0x00000000c2d84078,0x00000000c3a80000)
 Metaspace       used 77334K, committed 78592K, reserved 1179648K
  class space    used 7423K, committed 8000K, reserved 1048576K
}
Event: 5513.592 GC heap after
{Heap after GC invocations=2136 (full 65):
 PSYoungGen      total 8192K, used 1792K [0x00000000eab00000, 0x00000000eb600000, 0x0000000100000000)
  eden space 6144K, 0% used [0x00000000eab00000,0x00000000eab00000,0x00000000eb100000)
  from space 2048K, 87% used [0x00000000eb180000,0x00000000eb340010,0x00000000eb380000)
  to   space 2560K, 0% used [0x00000000eb380000,0x00000000eb380000,0x00000000eb600000)
 ParOldGen       total 59904K, used 49217K [0x00000000c0000000, 0x00000000c3a80000, 0x00000000eab00000)
  object space 59904K, 82% used [0x00000000c0000000,0x00000000c30104f8,0x00000000c3a80000)
 Metaspace       used 77334K, committed 78592K, reserved 1179648K
  class space    used 7423K, committed 8000K, reserved 1048576K
}
Event: 5571.589 GC heap before
{Heap before GC invocations=2137 (full 65):
 PSYoungGen      total 8192K, used 7936K [0x00000000eab00000, 0x00000000eb600000, 0x0000000100000000)
  eden space 6144K, 100% used [0x00000000eab00000,0x00000000eb100000,0x00000000eb100000)
  from space 2048K, 87% used [0x00000000eb180000,0x00000000eb340010,0x00000000eb380000)
  to   space 2560K, 0% used [0x00000000eb380000,0x00000000eb380000,0x00000000eb600000)
 ParOldGen       total 59904K, used 49217K [0x00000000c0000000, 0x00000000c3a80000, 0x00000000eab00000)
  object space 59904K, 82% used [0x00000000c0000000,0x00000000c30104f8,0x00000000c3a80000)
 Metaspace       used 77336K, committed 78592K, reserved 1179648K
  class space    used 7423K, committed 8000K, reserved 1048576K
}
Event: 5571.599 GC heap after
{Heap after GC invocations=2137 (full 65):
 PSYoungGen      total 7168K, used 576K [0x00000000eab00000, 0x00000000eb480000, 0x0000000100000000)
  eden space 6144K, 0% used [0x00000000eab00000,0x00000000eab00000,0x00000000eb100000)
  from space 1024K, 56% used [0x00000000eb380000,0x00000000eb410000,0x00000000eb480000)
  to   space 1536K, 0% used [0x00000000eb180000,0x00000000eb180000,0x00000000eb300000)
 ParOldGen       total 59904K, used 50854K [0x00000000c0000000, 0x00000000c3a80000, 0x00000000eab00000)
  object space 59904K, 84% used [0x00000000c0000000,0x00000000c31a9988,0x00000000c3a80000)
 Metaspace       used 77336K, committed 78592K, reserved 1179648K
  class space    used 7423K, committed 8000K, reserved 1048576K
}

