# JRE version: OpenJDK Runtime Environment (19.0.2+7) (build 19.0.2+7-Ubuntu-0ubuntu322.04)
# Java VM: OpenJDK 64-Bit Server VM (19.0.2+7-Ubuntu-0ubuntu322.04, mixed mode, sharing, tiered, compressed oops, compressed class ptrs, parallel gc, linux-amd64)
GC Precious Log:
 CardTable entry size: 512
 CPUs: 4 total, 4 available
 Memory: 7869M
 Large Page Support: Disabled
 NUMA Support: Disabled
 Compressed Oops: Enabled (32-bit)
 Alignments: Space 512K, Generation 512K, Heap 2M
 Heap Min Capacity: 100M
 Heap Initial Capacity: 100M
 Heap Max Capacity: 1G
 Pre-touch: Disabled
 Parallel Workers: 4
Heap:
 PSYoungGen      total 5632K, used 4431K [0x00000000eab00000, 0x00000000eb200000, 0x0000000100000000)
  eden space 5120K, 76% used [0x00000000eab00000,0x00000000eaed7d78,0x00000000eb000000)
  from space 512K, 96% used [0x00000000eb100000,0x00000000eb17c010,0x00000000eb180000)
  to   space 1024K, 0% used [0x00000000eb000000,0x00000000eb000000,0x00000000eb100000)
 ParOldGen       total 78336K, used 61517K [0x00000000c0000000, 0x00000000c4c80000, 0x00000000eab00000)
  object space 78336K, 78% used [0x00000000c0000000,0x00000000c3c13768,0x00000000c4c80000)
 Metaspace       used 85426K, committed 86784K, reserved 1179648K
  class space    used 7832K, committed 8448K, reserved 1048576K
GC Heap History (20 events):
Event: 8475.595 GC heap before
{Heap before GC invocations=10166 (full 292):
 PSYoungGen      total 7168K, used 6783K [0x00000000eab00000, 0x00000000eb300000, 0x0000000100000000)
  eden space 6656K, 99% used [0x00000000eab00000,0x00000000eb17fff8,0x00000000eb180000)
  from space 512K, 25% used [0x00000000eb280000,0x00000000eb2a0000,0x00000000eb300000)
  to   space 512K, 0% used [0x00000000eb200000,0x00000000eb200000,0x00000000eb280000)
 ParOldGen       total 78336K, used 59378K [0x00000000c0000000, 0x00000000c4c80000, 0x00000000eab00000)
  object space 78336K, 75% used [0x00000000c0000000,0x00000000c39fcad8,0x00000000c4c80000)
 Metaspace       used 85422K, committed 86784K, reserved 1179648K
  class space    used 7832K, committed 8448K, reserved 1048576K
}
Event: 8475.597 GC heap after
{Heap after GC invocations=10166 (full 292):
 PSYoungGen      total 7168K, used 448K [0x00000000eab00000, 0x00000000eb300000, 0x0000000100000000)
  eden space 6656K, 0% used [0x00000000eab00000,0x00000000eab00000,0x00000000eb180000)
  from space 512K, 87% used [0x00000000eb200000,0x00000000eb270000,0x00000000eb280000)
  to   space 512K, 0% used [0x00000000eb280000,0x00000000eb280000,0x00000000eb300000)
 ParOldGen       total 78336K, used 59378K [0x00000000c0000000, 0x00000000c4c80000, 0x00000000eab00000)
  object space 78336K, 75% used [0x00000000c0000000,0x00000000c39fcad8,0x00000000c4c80000)
 Metaspace       used 85422K, committed 86784K, reserved 1179648K
  class space    used 7832K, committed 8448K, reserved 1048576K
}
Event: 8475.861 GC heap before
{Heap before GC invocations=10167 (full 292):
 PSYoungGen      total 7168K, used 7104K [0x00000000eab00000, 0x00000000eb300000, 0x0000000100000000)
  eden space 6656K, 100% used [0x00000000eab00000,0x00000000eb180000,0x00000000eb180000)
  from space 512K, 87% used [0x00000000eb200000,0x00000000eb270000,0x00000000eb280000)
  to   space 512K, 0% used [0x00000000eb280000,0x00000000eb280000,0x00000000eb300000)
 ParOldGen       total 78336K, used 59378K [0x00000000c0000000, 0x00000000c4c80000, 0x00000000eab00000)
  object space 78336K, 75% used [0x00000000c0000000,0x00000000c39fcad8,0x00000000c4c80000)
 Metaspace       used 85422K, committed 86784K, reserved 1179648K
  class space    used 7832K, committed 8448K, reserved 1048576K
}
Event: 8475.868 GC heap after
{Heap after GC invocations=10167 (full 292):
 PSYoungGen      total 5632K, used 496K [0x00000000eab00000, 0x00000000eb680000, 0x0000000100000000)
  eden space 5120K, 0% used [0x00000000eab00000,0x00000000eab00000,0x00000000eb000000)
  from space 512K, 96% used [0x00000000eb280000,0x00000000eb2fc010,0x00000000eb300000)
  to   space 2560K, 0% used [0x00000000eb000000,0x00000000eb000000,0x00000000eb280000)
 ParOldGen       total 78336K, used 60762K [0x00000000c0000000, 0x00000000c4c80000, 0x00000000eab00000)
  object space 78336K, 77% used [0x00000000c0000000,0x00000000c3b56888,0x00000000c4c80000)
 Metaspace       used 85422K, committed 86784K, reserved 1179648K
  class space    used 7832K, committed 8448K, reserved 1048576K
}
Event: 8475.938 GC heap before
{Heap before GC invocations=10168 (full 292):
 PSYoungGen      total 5632K, used 5616K [0x00000000eab00000, 0x00000000eb680000, 0x0000000100000000)
  eden space 5120K, 100% used [0x00000000eab00000,0x00000000eb000000,0x00000000eb000000)
  from space 512K, 96% used [0x00000000eb280000,0x00000000eb2fc010,0x00000000eb300000)
  to   space 2560K, 0% used [0x00000000eb000000,0x00000000eb000000,0x00000000eb280000)
 ParOldGen       total 78336K, used 60762K [0x00000000c0000000, 0x00000000c4c80000, 0x00000000eab00000)
  object space 78336K, 77% used [0x00000000c0000000,0x00000000c3b56888,0x00000000c4c80000)
 Metaspace       used 85422K, committed 86784K, reserved 1179648K
  class space    used 7832K, committed 8448K, reserved 1048576K
}
Event: 8475.941 GC heap after
{Heap after GC invocations=10168 (full 292):
 PSYoungGen      total 6656K, used 1344K [0x00000000eab00000, 0x00000000eb300000, 0x0000000100000000)
  eden space 5120K, 0% used [0x00000000eab00000,0x00000000eab00000,0x00000000eb000000)
  from space 1536K, 87% used [0x00000000eb000000,0x00000000eb150020,0x00000000eb180000)
  to   space 1536K, 0% used [0x00000000eb180000,0x00000000eb180000,0x00000000eb300000)
 ParOldGen       total 78336K, used 60762K [0x00000000c0000000, 0x00000000c4c80000, 0x00000000eab00000)
  object space 78336K, 77% used [0x00000000c0000000,0x00000000c3b56888,0x00000000c4c80000)
 Metaspace       used 85422K, committed 86784K, reserved 1179648K
  class space    used 7832K, committed 8448K, reserved 1048576K
}
Event: 8482.248 GC heap before
{Heap before GC invocations=10169 (full 292):
 PSYoungGen      total 6656K, used 6464K [0x00000000eab00000, 0x00000000eb300000, 0x0000000100000000)
  eden space 5120K, 100% used [0x00000000eab00000,0x00000000eb000000,0x00000000eb000000)
  from space 1536K, 87% used [0x00000000eb000000,0x00000000eb150020,0x00000000eb180000)
  to   space 1536K, 0% used [0x00000000eb180000,0x00000000eb180000,0x00000000eb300000)
 ParOldGen       total 78336K, used 60762K [0x00000000c0000000, 0x00000000c4c80000, 0x00000000eab00000)
  object space 78336K, 77% used [0x00000000c0000000,0x00000000c3b56888,0x00000000c4c80000)
 Metaspace       used 85422K, committed 86784K, reserved 1179648K
  class space    used 7832K, committed 8448K, reserved 1048576K
}
Event: 8482.250 GC heap after
{Heap after GC invocations=10169 (full 292):
 PSYoungGen      total 6144K, used 608K [0x00000000eab00000, 0x00000000eb280000, 0x0000000100000000)
  eden space 5120K, 0% used [0x00000000eab00000,0x00000000eab00000,0x00000000eb000000)
  from space 1024K, 59% used [0x00000000eb180000,0x00000000eb218000,0x00000000eb280000)
  to   space 1024K, 0% used [0x00000000eb080000,0x00000000eb080000,0x00000000eb180000)
 ParOldGen       total 78336K, used 61023K [0x00000000c0000000, 0x00000000c4c80000, 0x00000000eab00000)
  object space 78336K, 77% used [0x00000000c0000000,0x00000000c3b97d18,0x00000000c4c80000)
 Metaspace       used 85422K, committed 86784K, reserved 1179648K
  class space    used 7832K, committed 8448K, reserved 1048576K
}
Event: 8512.752 GC heap before
{Heap before GC invocations=10170 (full 292):
 PSYoungGen      total 6144K, used 5727K [0x00000000eab00000, 0x00000000eb280000, 0x0000000100000000)
  eden space 5120K, 99% used [0x00000000eab00000,0x00000000eafffe38,0x00000000eb000000)
  from space 1024K, 59% used [0x00000000eb180000,0x00000000eb218000,0x00000000eb280000)
  to   space 1024K, 0% used [0x00000000eb080000,0x00000000eb080000,0x00000000eb180000)
 ParOldGen       total 78336K, used 61023K [0x00000000c0000000, 0x00000000c4c80000, 0x00000000eab00000)
  object space 78336K, 77% used [0x00000000c0000000,0x00000000c3b97d18,0x00000000c4c80000)
 Metaspace       used 85422K, committed 86784K, reserved 1179648K
  class space    used 7832K, committed 8448K, reserved 1048576K
}
Event: 8512.754 GC heap after
{Heap after GC invocations=10170 (full 292):
 PSYoungGen      total 5632K, used 432K [0x00000000eab00000, 0x00000000eb200000, 0x0000000100000000)
  eden space 5120K, 0% used [0x00000000eab00000,0x00000000eab00000,0x00000000eb000000)
  from space 512K, 84% used [0x00000000eb080000,0x00000000eb0ec010,0x00000000eb100000)
  to   space 1024K, 0% used [0x00000000eb100000,0x00000000eb100000,0x00000000eb200000)
 ParOldGen       total 78336K, used 61023K [0x00000000c0000000, 0x00000000c4c80000, 0x00000000eab00000)
  object space 78336K, 77% used [0x00000000c0000000,0x00000000c3b97d18,0x00000000c4c80000)
 Metaspace       used 85422K, committed 86784K, reserved 1179648K
  class space    used 7832K, committed 8448K, reserved 1048576K
}
Event: 8513.333 GC heap before
{Heap before GC invocations=10171 (full 292):
 PSYoungGen      total 5632K, used 5552K [0x00000000eab00000, 0x00000000eb200000, 0x0000000100000000)
  eden space 5120K, 100% used [0x00000000eab00000,0x00000000eb000000,0x00000000eb000000)
  from space 512K, 84% used [0x00000000eb080000,0x00000000eb0ec010,0x00000000eb100000)
  to   space 1024K, 0% used [0x00000000eb100000,0x00000000eb100000,0x00000000eb200000)
 ParOldGen       total 78336K, used 61023K [0x00000000c0000000, 0x00000000c4c80000, 0x00000000eab00000)
  object space 78336K, 77% used [0x00000000c0000000,0x00000000c3b97d18,0x00000000c4c80000)
 Metaspace       used 85422K, committed 86784K, reserved 1179648K
  class space    used 7832K, committed 8448K, reserved 1048576K
}
Event: 8513.336 GC heap after
{Heap after GC invocations=10171 (full 292):
 PSYoungGen      total 6144K, used 592K [0x00000000eab00000, 0x00000000eb200000, 0x0000000100000000)
  eden space 5120K, 0% used [0x00000000eab00000,0x00000000eab00000,0x00000000eb000000)
  from space 1024K, 57% used [0x00000000eb100000,0x00000000eb194010,0x00000000eb200000)
  to   space 1024K, 0% used [0x00000000eb000000,0x00000000eb000000,0x00000000eb100000)
 ParOldGen       total 78336K, used 61023K [0x00000000c0000000, 0x00000000c4c80000, 0x00000000eab00000)
  object space 78336K, 77% used [0x00000000c0000000,0x00000000c3b97d18,0x00000000c4c80000)
 Metaspace       used 85422K, committed 86784K, reserved 1179648K
  class space    used 7832K, committed 8448K, reserved 1048576K
}
Event: 8515.836 GC heap before
{Heap before GC invocations=10172 (full 292):
 PSYoungGen      total 6144K, used 5712K [0x00000000eab00000, 0x00000000eb200000, 0x0000000100000000)
  eden space 5120K, 100% used [0x00000000eab00000,0x00000000eb000000,0x00000000eb000000)
  from space 1024K, 57% used [0x00000000eb100000,0x00000000eb194010,0x00000000eb200000)
  to   space 1024K, 0% used [0x00000000eb000000,0x00000000eb000000,0x00000000eb100000)
 ParOldGen       total 78336K, used 61023K [0x00000000c0000000, 0x00000000c4c80000, 0x00000000eab00000)
  object space 78336K, 77% used [0x00000000c0000000,0x00000000c3b97d18,0x00000000c4c80000)
 Metaspace       used 85422K, committed 86784K, reserved 1179648K
  class space    used 7832K, committed 8448K, reserved 1048576K
}
Event: 8515.841 GC heap after
{Heap after GC invocations=10172 (full 292):
 PSYoungGen      total 6144K, used 416K [0x00000000eab00000, 0x00000000eb180000, 0x0000000100000000)
  eden space 5120K, 0% used [0x00000000eab00000,0x00000000eab00000,0x00000000eb000000)
  from space 1024K, 40% used [0x00000000eb000000,0x00000000eb068000,0x00000000eb100000)
  to   space 512K, 0% used [0x00000000eb100000,0x00000000eb100000,0x00000000eb180000)
 ParOldGen       total 78336K, used 61023K [0x00000000c0000000, 0x00000000c4c80000, 0x00000000eab00000)
  object space 78336K, 77% used [0x00000000c0000000,0x00000000c3b97d18,0x00000000c4c80000)
 Metaspace       used 85422K, committed 86784K, reserved 1179648K
  class space    used 7832K, committed 8448K, reserved 1048576K
}
Event: 8523.806 GC heap before
{Heap before GC invocations=10173 (full 292):
 PSYoungGen      total 6144K, used 5536K [0x00000000eab00000, 0x00000000eb180000, 0x0000000100000000)
  eden space 5120K, 100% used [0x00000000eab00000,0x00000000eb000000,0x00000000eb000000)
  from space 1024K, 40% used [0x00000000eb000000,0x00000000eb068000,0x00000000eb100000)
  to   space 512K, 0% used [0x00000000eb100000,0x00000000eb100000,0x00000000eb180000)
 ParOldGen       total 78336K, used 61023K [0x00000000c0000000, 0x00000000c4c80000, 0x00000000eab00000)
  object space 78336K, 77% used [0x00000000c0000000,0x00000000c3b97d18,0x00000000c4c80000)
 Metaspace       used 85422K, committed 86784K, reserved 1179648K
  class space    used 7832K, committed 8448K, reserved 1048576K
}
Event: 8523.809 GC heap after
{Heap after GC invocations=10173 (full 292):
 PSYoungGen      total 5632K, used 496K [0x00000000eab00000, 0x00000000eb200000, 0x0000000100000000)
  eden space 5120K, 0% used [0x00000000eab00000,0x00000000eab00000,0x00000000eb000000)
  from space 512K, 96% used [0x00000000eb100000,0x00000000eb17c010,0x00000000eb180000)
  to   space 1024K, 0% used [0x00000000eb000000,0x00000000eb000000,0x00000000eb100000)
 ParOldGen       total 78336K, used 61127K [0x00000000c0000000, 0x00000000c4c80000, 0x00000000eab00000)
  object space 78336K, 78% used [0x00000000c0000000,0x00000000c3bb1d18,0x00000000c4c80000)
 Metaspace       used 85422K, committed 86784K, reserved 1179648K
  class space    used 7832K, committed 8448K, reserved 1048576K
}
Event: 8524.423 GC heap before
{Heap before GC invocations=10174 (full 292):
 PSYoungGen      total 5632K, used 5616K [0x00000000eab00000, 0x00000000eb200000, 0x0000000100000000)
  eden space 5120K, 100% used [0x00000000eab00000,0x00000000eb000000,0x00000000eb000000)
  from space 512K, 96% used [0x00000000eb100000,0x00000000eb17c010,0x00000000eb180000)
  to   space 1024K, 0% used [0x00000000eb000000,0x00000000eb000000,0x00000000eb100000)
 ParOldGen       total 78336K, used 61127K [0x00000000c0000000, 0x00000000c4c80000, 0x00000000eab00000)
  object space 78336K, 78% used [0x00000000c0000000,0x00000000c3bb1d18,0x00000000c4c80000)
 Metaspace       used 85422K, committed 86784K, reserved 1179648K
  class space    used 7832K, committed 8448K, reserved 1048576K
}
Event: 8524.425 GC heap after
{Heap after GC invocations=10174 (full 292):
 PSYoungGen      total 6144K, used 400K [0x00000000eab00000, 0x00000000eb180000, 0x0000000100000000)
  eden space 5120K, 0% used [0x00000000eab00000,0x00000000eab00000,0x00000000eb000000)
  from space 1024K, 39% used [0x00000000eb000000,0x00000000eb064010,0x00000000eb100000)
  to   space 512K, 0% used [0x00000000eb100000,0x00000000eb100000,0x00000000eb180000)
 ParOldGen       total 78336K, used 61453K [0x00000000c0000000, 0x00000000c4c80000, 0x00000000eab00000)
  object space 78336K, 78% used [0x00000000c0000000,0x00000000c3c03768,0x00000000c4c80000)
 Metaspace       used 85422K, committed 86784K, reserved 1179648K
  class space    used 7832K, committed 8448K, reserved 1048576K
}
Event: 8525.387 GC heap before
{Heap before GC invocations=10175 (full 292):
 PSYoungGen      total 6144K, used 5520K [0x00000000eab00000, 0x00000000eb180000, 0x0000000100000000)
  eden space 5120K, 100% used [0x00000000eab00000,0x00000000eb000000,0x00000000eb000000)
  from space 1024K, 39% used [0x00000000eb000000,0x00000000eb064010,0x00000000eb100000)
  to   space 512K, 0% used [0x00000000eb100000,0x00000000eb100000,0x00000000eb180000)
 ParOldGen       total 78336K, used 61453K [0x00000000c0000000, 0x00000000c4c80000, 0x00000000eab00000)
  object space 78336K, 78% used [0x00000000c0000000,0x00000000c3c03768,0x00000000c4c80000)
 Metaspace       used 85422K, committed 86784K, reserved 1179648K
  class space    used 7832K, committed 8448K, reserved 1048576K
}
Event: 8525.390 GC heap after
{Heap after GC invocations=10175 (full 292):
 PSYoungGen      total 5632K, used 496K [0x00000000eab00000, 0x00000000eb200000, 0x0000000100000000)
  eden space 5120K, 0% used [0x00000000eab00000,0x00000000eab00000,0x00000000eb000000)
  from space 512K, 96% used [0x00000000eb100000,0x00000000eb17c010,0x00000000eb180000)
  to   space 1024K, 0% used [0x00000000eb000000,0x00000000eb000000,0x00000000eb100000)
 ParOldGen       total 78336K, used 61517K [0x00000000c0000000, 0x00000000c4c80000, 0x00000000eab00000)
  object space 78336K, 78% used [0x00000000c0000000,0x00000000c3c13768,0x00000000c4c80000)
 Metaspace       used 85422K, committed 86784K, reserved 1179648K
  class space    used 7832K, committed 8448K, reserved 1048576K
}

